<?xml version="1.0" encoding="UTF-8"?>
<!-- Generated by org.testng.reporters.JUnitReportReporter -->
<testsuite hostname="DESKTOP-TTAOBFJ" failures="0" tests="9" name="SacTest.DashboardTest" time="47.061" errors="0" timestamp="2020-12-22T11:28:50 CLST" skipped="0">
  <testcase classname="SacTest.DashboardTest" name="opcionesFiltro" time="0.061"/>
  <system-out/>
  <testcase classname="SacTest.DashboardTest" name="opcionesFiltroDia" time="5.216"/>
  <system-out/>
  <testcase classname="SacTest.DashboardTest" name="validaDias" time="23.746"/>
  <system-out/>
  <testcase classname="SacTest.DashboardTest" name="filtrosDisponibles" time="0.460"/>
  <system-out/>
  <testcase classname="SacTest.DashboardTest" name="accesoAplicacion" time="2.790"/>
  <system-out/>
  <testcase classname="SacTest.DashboardTest" name="opcionesFiltroMes" time="5.182"/>
  <system-out/>
  <testcase classname="SacTest.DashboardTest" name="opcionesFiltroBtn" time="0.096"/>
  <system-out/>
  <testcase classname="SacTest.DashboardTest" name="opcionesFiltroSemana" time="5.156"/>
  <system-out/>
  <testcase classname="SacTest.DashboardTest" name="filtrosDashboard" time="4.354"/>
  <system-out/>
</testsuite> <!-- SacTest.DashboardTest -->
