<?xml version="1.0" encoding="UTF-8"?>
<!-- Generated by org.testng.reporters.JUnitReportReporter -->
<testsuite hostname="DESKTOP-TTAOBFJ" failures="0" tests="5" name="SacTest.testCategoriasSubcategorias" time="30.944" errors="0" timestamp="2020-12-23T15:15:25 CLST" skipped="0">
  <testcase classname="SacTest.testCategoriasSubcategorias" name="Test_2_opcionesSubcategorias" time="6.879"/>
  <system-out/>
  <testcase classname="SacTest.testCategoriasSubcategorias" name="Test_5_filtroSemana" time="10.161"/>
  <system-out/>
  <testcase classname="SacTest.testCategoriasSubcategorias" name="Test_4_filtroMes" time="3.208"/>
  <system-out/>
  <testcase classname="SacTest.testCategoriasSubcategorias" name="Test_3_filtroDia" time="6.179"/>
  <system-out/>
  <testcase classname="SacTest.testCategoriasSubcategorias" name="Test_1_subMenuDash" time="4.517"/>
  <system-out/>
</testsuite> <!-- SacTest.testCategoriasSubcategorias -->
