<?xml version="1.0" encoding="UTF-8"?>
<!-- Generated by org.testng.reporters.JUnitReportReporter -->
<testsuite hostname="DESKTOP-TTAOBFJ" failures="0" tests="1" name="SacTest.NewTest" time="7.884" errors="0" timestamp="2020-12-16T12:49:43 CLST" skipped="0">
  <testcase classname="SacTest.NewTest" name="vistaDashBoard" time="7.884"/>
  <system-out/>
</testsuite> <!-- SacTest.NewTest -->
